Loading required package: cluster
Loading required package: doParallel
Loading required package: foreach
Loading required package: iterators
Loading required package: parallel
bootstrap replicate 1 the average silhouete width is 0.01772216 
bootstrap replicate 2 the average silhouete width is 0.01469928 
bootstrap replicate 3 the average silhouete width is 0.009702192 
bootstrap replicate 4 the average silhouete width is 0.01689766 
bootstrap replicate 5 the average silhouete width is 0.01567265 
bootstrap replicate 6 the average silhouete width is 0.01468044 
bootstrap replicate 7 the average silhouete width is 0.01428896 
bootstrap replicate 8 the average silhouete width is 0.01263284 
bootstrap replicate 9 the average silhouete width is 0.01479841 
bootstrap replicate 10 the average silhouete width is 0.008711613 
bootstrap replicate 11 the average silhouete width is 0.01069251 
bootstrap replicate 12 the average silhouete width is 0.01473487 
bootstrap replicate 13 the average silhouete width is 0.01417143 
bootstrap replicate 14 the average silhouete width is 0.01734255 
bootstrap replicate 15 the average silhouete width is 0.01481292 
bootstrap replicate 16 the average silhouete width is 0.01102364 
bootstrap replicate 17 the average silhouete width is 0.01573935 
bootstrap replicate 18 the average silhouete width is 0.01633384 
bootstrap replicate 19 the average silhouete width is 0.01567138 
bootstrap replicate 20 the average silhouete width is 0.01326318 
bootstrap replicate 21 the average silhouete width is 0.01910522 
bootstrap replicate 22 the average silhouete width is 0.007963154 
bootstrap replicate 23 the average silhouete width is 0.01355524 
bootstrap replicate 24 the average silhouete width is 0.0114521 
bootstrap replicate 25 the average silhouete width is 0.01148768 
bootstrap replicate 26 the average silhouete width is 0.01250552 
bootstrap replicate 27 the average silhouete width is 0.00792459 
bootstrap replicate 28 the average silhouete width is 0.015973 
bootstrap replicate 29 the average silhouete width is 0.009021215 
bootstrap replicate 30 the average silhouete width is 0.01349736 
bootstrap replicate 31 the average silhouete width is 0.0146517 
bootstrap replicate 32 the average silhouete width is 0.0155348 
bootstrap replicate 33 the average silhouete width is 0.01241271 
bootstrap replicate 34 the average silhouete width is 0.01146742 
bootstrap replicate 35 the average silhouete width is 0.01472118 
bootstrap replicate 36 the average silhouete width is 0.01318511 
bootstrap replicate 37 the average silhouete width is 0.0153284 
bootstrap replicate 38 the average silhouete width is 0.01512237 
bootstrap replicate 39 the average silhouete width is 0.01047046 
bootstrap replicate 40 the average silhouete width is 0.01151559 
bootstrap replicate 41 the average silhouete width is 0.01374211 
bootstrap replicate 42 the average silhouete width is 0.01689327 
bootstrap replicate 43 the average silhouete width is 0.01279961 
bootstrap replicate 44 the average silhouete width is 0.01914432 
bootstrap replicate 45 the average silhouete width is 0.01338406 
bootstrap replicate 46 the average silhouete width is 0.01047069 
bootstrap replicate 47 the average silhouete width is 0.0127068 
bootstrap replicate 48 the average silhouete width is 0.0102219 
bootstrap replicate 49 the average silhouete width is 0.0122087 
bootstrap replicate 50 the average silhouete width is 0.0147137 
bootstrap replicate 51 the average silhouete width is 0.009280816 
bootstrap replicate 52 the average silhouete width is 0.01346058 
bootstrap replicate 53 the average silhouete width is 0.01266466 
bootstrap replicate 54 the average silhouete width is 0.015707 
bootstrap replicate 55 the average silhouete width is 0.01663075 
bootstrap replicate 56 the average silhouete width is 0.01537284 
bootstrap replicate 57 the average silhouete width is 0.01492715 
bootstrap replicate 58 the average silhouete width is 0.01670201 
bootstrap replicate 59 the average silhouete width is 0.001770601 
bootstrap replicate 60 the average silhouete width is 0.008029886 
bootstrap replicate 61 the average silhouete width is 0.01734162 
bootstrap replicate 62 the average silhouete width is 0.01105333 
bootstrap replicate 63 the average silhouete width is 0.01379997 
bootstrap replicate 64 the average silhouete width is 0.0137369 
bootstrap replicate 65 the average silhouete width is 0.009507982 
bootstrap replicate 66 the average silhouete width is 0.01382806 
bootstrap replicate 67 the average silhouete width is 0.01127303 
bootstrap replicate 68 the average silhouete width is 0.01615115 
bootstrap replicate 69 the average silhouete width is 0.01611824 
bootstrap replicate 70 the average silhouete width is 0.01618637 
bootstrap replicate 71 the average silhouete width is 0.0138172 
bootstrap replicate 72 the average silhouete width is 0.01500254 
bootstrap replicate 73 the average silhouete width is 0.01171476 
bootstrap replicate 74 the average silhouete width is 0.01238449 
bootstrap replicate 75 the average silhouete width is 0.0109502 
bootstrap replicate 76 the average silhouete width is 0.01122101 
bootstrap replicate 77 the average silhouete width is 0.0191673 
bootstrap replicate 78 the average silhouete width is 0.01105549 
bootstrap replicate 79 the average silhouete width is 0.01517328 
bootstrap replicate 80 the average silhouete width is 0.01163337 
bootstrap replicate 81 the average silhouete width is 0.01871908 
bootstrap replicate 82 the average silhouete width is 0.01408113 
bootstrap replicate 83 the average silhouete width is 0.01376727 
bootstrap replicate 84 the average silhouete width is 0.01097305 
bootstrap replicate 85 the average silhouete width is 0.01236747 
bootstrap replicate 86 the average silhouete width is 0.01196717 
bootstrap replicate 87 the average silhouete width is 0.01133034 
bootstrap replicate 88 the average silhouete width is 0.01430054 
bootstrap replicate 89 the average silhouete width is 0.01960992 
bootstrap replicate 90 the average silhouete width is 0.01528477 
bootstrap replicate 91 the average silhouete width is 0.01081591 
bootstrap replicate 92 the average silhouete width is 0.01226879 
bootstrap replicate 93 the average silhouete width is 0.01177136 
bootstrap replicate 94 the average silhouete width is 0.01416203 
bootstrap replicate 95 the average silhouete width is 0.01253367 
bootstrap replicate 96 the average silhouete width is 0.01325207 
bootstrap replicate 97 the average silhouete width is 0.01451993 
bootstrap replicate 98 the average silhouete width is 0.0119548 
bootstrap replicate 99 the average silhouete width is 0.01179664 
bootstrap replicate 100 the average silhouete width is 0.01441911 
