* using log directory ‘/Users/sebastianduchene/Desktop/clockstarg/clockstarG/ClockstaRG.Rcheck’
* using R version 3.1.0 (2014-04-10)
* using platform: x86_64-apple-darwin10.8.0 (64-bit)
* using session charset: UTF-8
* checking for file ‘ClockstaRG/DESCRIPTION’ ... OK
* checking extension type ... Package
* this is package ‘ClockstaRG’ version ‘0.1’
* checking package namespace information ... OK
* checking package dependencies ... OK
* checking if this is a source package ... OK
* checking if there is a namespace ... OK
* checking for executable files ... OK
* checking for hidden files and directories ... NOTE
Found the following hidden files and directories:
  .DS_Store
These were most likely included in error. See section ‘Package
structure’ in the ‘Writing R Extensions’ manual.
* checking for portable file names ... OK
* checking for sufficient/correct file permissions ... OK
* checking whether package ‘ClockstaRG’ can be installed ... OK
* checking installed package size ... OK
* checking package directory ... OK
* checking DESCRIPTION meta-information ... OK
* checking top-level files ... OK
* checking for left-over files ... OK
* checking index information ... OK
* checking package subdirectories ... OK
* checking R files for non-ASCII characters ... OK
* checking R files for syntax errors ... OK
* checking whether the package can be loaded ... OK
* checking whether the package can be loaded with stated dependencies ... OK
* checking whether the package can be unloaded cleanly ... OK
* checking whether the namespace can be loaded with stated dependencies ... OK
* checking whether the namespace can be unloaded cleanly ... OK
* checking loading without being on the library search path ... OK
* checking dependencies in R code ... NOTE
'library' or 'require' calls to packages already attached by Depends:
  ‘ClockstaR2’ ‘ape’ ‘cluster’ ‘phangorn’
  Please remove these calls from your code.
Packages in Depends field not imported from:
  ‘ClockstaR2’ ‘ape’ ‘cluster’ ‘phangorn’
  These packages need to be imported from (in the NAMESPACE file)
  for when this namespace is loaded but not attached.
See the information on DESCRIPTION files in the chapter ‘Creating R
packages’ of the ‘Writing R Extensions’ manual.
* checking S3 generic/method consistency ... OK
* checking replacement functions ... OK
* checking foreign function calls ... OK
* checking R code for possible problems ... NOTE
boot.clara: warning in read.table(clus.matrix.name, head = T, row.name
  = 1): partial argument match of 'head' to 'header'
boot.clara: warning in read.table(clus.matrix.name, head = T, row.name
  = 1): partial argument match of 'row.name' to 'row.names'
fill.matrix: warning in read.table(matrix.name, head = F, row.names =
  1): partial argument match of 'head' to 'header'
fold.sbsd: warning in read.table(comps.file, head = F, as.is = T):
  partial argument match of 'head' to 'header'
run.clara.sil: warning in read.table(clus.matrix.name, row.names = 1,
  head = T): partial argument match of 'head' to 'header'
run.clara.wk: warning in read.table(clus.matrix.name, row.names = 1,
  head = T): partial argument match of 'head' to 'header'
run.mds: warning in read.table(matrix.name, head = T, row.names = 1):
  partial argument match of 'head' to 'header'
* checking Rd files ... WARNING
ClockstaRG-package.Rd: non-ASCII input and no declared encoding
optim.trees.g.Rd: non-ASCII input and no declared encoding
problems found in ‘ClockstaRG-package.Rd’, ‘optim.trees.g.Rd’
* checking Rd metadata ... OK
* checking Rd cross-references ... OK
* checking for missing documentation entries ... OK
* checking for code/documentation mismatches ... OK
* checking Rd \usage sections ... OK
* checking Rd contents ... OK
* checking for unstated dependencies in examples ... OK
* checking examples ... OK
* checking PDF version of manual ... OK
WARNING: There was 1 warning.
NOTE: There were 3 notes.
