Loading required package: cluster
Loading required package: doParallel
Loading required package: foreach
Loading required package: iterators
Loading required package: parallel
bootstrap replicate 1 the average silhouete width is 0.0137648 
bootstrap replicate 2 the average silhouete width is 0.01447041 
bootstrap replicate 3 the average silhouete width is 0.01989596 
bootstrap replicate 4 the average silhouete width is 0.01326687 
bootstrap replicate 5 the average silhouete width is 0.01574347 
bootstrap replicate 6 the average silhouete width is 0.01391554 
bootstrap replicate 7 the average silhouete width is 0.01268289 
bootstrap replicate 8 the average silhouete width is 0.01440667 
bootstrap replicate 9 the average silhouete width is 0.01578959 
bootstrap replicate 10 the average silhouete width is 0.01428753 
bootstrap replicate 11 the average silhouete width is 0.01579648 
bootstrap replicate 12 the average silhouete width is 0.01530063 
bootstrap replicate 13 the average silhouete width is 0.02031909 
bootstrap replicate 14 the average silhouete width is 0.01735963 
bootstrap replicate 15 the average silhouete width is 0.01702807 
bootstrap replicate 16 the average silhouete width is 0.01512756 
bootstrap replicate 17 the average silhouete width is 0.009277171 
bootstrap replicate 18 the average silhouete width is 0.01047733 
bootstrap replicate 19 the average silhouete width is 0.01933432 
bootstrap replicate 20 the average silhouete width is 0.02201376 
bootstrap replicate 21 the average silhouete width is 0.01555131 
bootstrap replicate 22 the average silhouete width is 0.01404345 
bootstrap replicate 23 the average silhouete width is 0.01870132 
bootstrap replicate 24 the average silhouete width is 0.01256453 
bootstrap replicate 25 the average silhouete width is 0.01557749 
bootstrap replicate 26 the average silhouete width is 0.01410716 
bootstrap replicate 27 the average silhouete width is 0.01171198 
bootstrap replicate 28 the average silhouete width is 0.01587732 
bootstrap replicate 29 the average silhouete width is 0.01600883 
bootstrap replicate 30 the average silhouete width is 0.01341991 
bootstrap replicate 31 the average silhouete width is 0.01586701 
bootstrap replicate 32 the average silhouete width is 0.01459462 
bootstrap replicate 33 the average silhouete width is 0.01484849 
bootstrap replicate 34 the average silhouete width is 0.01385759 
bootstrap replicate 35 the average silhouete width is 0.01477382 
bootstrap replicate 36 the average silhouete width is 0.01172569 
bootstrap replicate 37 the average silhouete width is 0.01336714 
bootstrap replicate 38 the average silhouete width is 0.01162425 
bootstrap replicate 39 the average silhouete width is 0.01269249 
bootstrap replicate 40 the average silhouete width is 0.01268594 
bootstrap replicate 41 the average silhouete width is 0.01686754 
bootstrap replicate 42 the average silhouete width is 0.01523165 
bootstrap replicate 43 the average silhouete width is 0.01442339 
bootstrap replicate 44 the average silhouete width is 0.01509165 
bootstrap replicate 45 the average silhouete width is 0.01667326 
bootstrap replicate 46 the average silhouete width is 0.01475442 
bootstrap replicate 47 the average silhouete width is 0.01795442 
bootstrap replicate 48 the average silhouete width is 0.01371908 
bootstrap replicate 49 the average silhouete width is 0.01578981 
bootstrap replicate 50 the average silhouete width is 0.01346736 
bootstrap replicate 51 the average silhouete width is 0.01453533 
bootstrap replicate 52 the average silhouete width is 0.01676594 
bootstrap replicate 53 the average silhouete width is 0.01603898 
bootstrap replicate 54 the average silhouete width is 0.01545914 
bootstrap replicate 55 the average silhouete width is 0.01631337 
bootstrap replicate 56 the average silhouete width is 0.01732926 
bootstrap replicate 57 the average silhouete width is 0.01904831 
bootstrap replicate 58 the average silhouete width is 0.01303963 
bootstrap replicate 59 the average silhouete width is 0.01737891 
bootstrap replicate 60 the average silhouete width is 0.01339312 
bootstrap replicate 61 the average silhouete width is 0.01530948 
bootstrap replicate 62 the average silhouete width is 0.01063387 
bootstrap replicate 63 the average silhouete width is 0.01453636 
bootstrap replicate 64 the average silhouete width is 0.01326083 
bootstrap replicate 65 the average silhouete width is 0.007855337 
bootstrap replicate 66 the average silhouete width is 0.01324737 
bootstrap replicate 67 the average silhouete width is 0.013204 
bootstrap replicate 68 the average silhouete width is 0.01833695 
bootstrap replicate 69 the average silhouete width is 0.01308735 
bootstrap replicate 70 the average silhouete width is 0.01248187 
bootstrap replicate 71 the average silhouete width is 0.0176196 
bootstrap replicate 72 the average silhouete width is 0.01810625 
bootstrap replicate 73 the average silhouete width is 0.01698673 
bootstrap replicate 74 the average silhouete width is 0.01576776 
bootstrap replicate 75 the average silhouete width is 0.01068997 
bootstrap replicate 76 the average silhouete width is 0.01185242 
bootstrap replicate 77 the average silhouete width is 0.0147339 
bootstrap replicate 78 the average silhouete width is 0.009683864 
bootstrap replicate 79 the average silhouete width is 0.01625575 
bootstrap replicate 80 the average silhouete width is 0.01318063 
bootstrap replicate 81 the average silhouete width is 0.01241286 
bootstrap replicate 82 the average silhouete width is 0.0167283 
bootstrap replicate 83 the average silhouete width is 0.01250383 
bootstrap replicate 84 the average silhouete width is 0.01267742 
bootstrap replicate 85 the average silhouete width is 0.01669556 
bootstrap replicate 86 the average silhouete width is -0.00066629 
bootstrap replicate 87 the average silhouete width is 0.0134783 
bootstrap replicate 88 the average silhouete width is 0.01553732 
bootstrap replicate 89 the average silhouete width is 0.01968435 
bootstrap replicate 90 the average silhouete width is 0.01407286 
bootstrap replicate 91 the average silhouete width is 0.01479072 
bootstrap replicate 92 the average silhouete width is 0.01501432 
bootstrap replicate 93 the average silhouete width is 0.01470941 
bootstrap replicate 94 the average silhouete width is 0.01341342 
bootstrap replicate 95 the average silhouete width is 0.01609855 
bootstrap replicate 96 the average silhouete width is 0.01616852 
bootstrap replicate 97 the average silhouete width is 0.01196462 
bootstrap replicate 98 the average silhouete width is 0.01435656 
bootstrap replicate 99 the average silhouete width is 0.01285475 
bootstrap replicate 100 the average silhouete width is 0.01629345 
Loading required package: cluster
Loading required package: doParallel
Loading required package: foreach
Loading required package: iterators
Loading required package: parallel
bootstrap replicate 1 the average silhouete width is 0.009717932 
bootstrap replicate 2 the average silhouete width is 0.005842446 
bootstrap replicate 3 the average silhouete width is 0.009409416 
bootstrap replicate 4 the average silhouete width is 0.007529666 
bootstrap replicate 5 the average silhouete width is 0.003508599 
bootstrap replicate 6 the average silhouete width is 0.001772201 
bootstrap replicate 7 the average silhouete width is 0.005177227 
bootstrap replicate 8 the average silhouete width is 0.006595746 
bootstrap replicate 9 the average silhouete width is 0.00432031 
bootstrap replicate 10 the average silhouete width is 0.004703096 
bootstrap replicate 11 the average silhouete width is 0.01109214 
bootstrap replicate 12 the average silhouete width is 0.008787354 
bootstrap replicate 13 the average silhouete width is 0.004119972 
bootstrap replicate 14 the average silhouete width is -0.001376933 
bootstrap replicate 15 the average silhouete width is 0.006956559 
bootstrap replicate 16 the average silhouete width is 0.000797579 
bootstrap replicate 17 the average silhouete width is 0.005619466 
bootstrap replicate 18 the average silhouete width is 0.003696023 
bootstrap replicate 19 the average silhouete width is 0.00316784 
bootstrap replicate 20 the average silhouete width is 0.008315867 
bootstrap replicate 21 the average silhouete width is 0.004337473 
bootstrap replicate 22 the average silhouete width is 0.007255289 
bootstrap replicate 23 the average silhouete width is 0.006143711 
bootstrap replicate 24 the average silhouete width is 0.006449893 
bootstrap replicate 25 the average silhouete width is -0.0006223652 
bootstrap replicate 26 the average silhouete width is 0.005339677 
bootstrap replicate 27 the average silhouete width is 0.002259278 
bootstrap replicate 28 the average silhouete width is 0.00494775 
bootstrap replicate 29 the average silhouete width is 0.008808853 
bootstrap replicate 30 the average silhouete width is 0.00616304 
bootstrap replicate 31 the average silhouete width is 0.003332851 
bootstrap replicate 32 the average silhouete width is 0.001797935 
bootstrap replicate 33 the average silhouete width is 0.002350293 
bootstrap replicate 34 the average silhouete width is 0.0003927526 
bootstrap replicate 35 the average silhouete width is 0.004950136 
bootstrap replicate 36 the average silhouete width is 0.00500245 
bootstrap replicate 37 the average silhouete width is 0.006571842 
bootstrap replicate 38 the average silhouete width is 0.005791024 
bootstrap replicate 39 the average silhouete width is 0.003174848 
bootstrap replicate 40 the average silhouete width is 0.009669391 
bootstrap replicate 41 the average silhouete width is 0.004365617 
bootstrap replicate 42 the average silhouete width is 0.002696132 
bootstrap replicate 43 the average silhouete width is 0.002161019 
bootstrap replicate 44 the average silhouete width is 0.004636815 
bootstrap replicate 45 the average silhouete width is 0.008515305 
bootstrap replicate 46 the average silhouete width is 0.006587953 
bootstrap replicate 47 the average silhouete width is 0.004646138 
bootstrap replicate 48 the average silhouete width is 0.005050289 
bootstrap replicate 49 the average silhouete width is 0.004264185 
bootstrap replicate 50 the average silhouete width is 0.007399667 
bootstrap replicate 51 the average silhouete width is 0.004559061 
bootstrap replicate 52 the average silhouete width is 0.00752045 
bootstrap replicate 53 the average silhouete width is 0.005678906 
bootstrap replicate 54 the average silhouete width is 0.006306441 
bootstrap replicate 55 the average silhouete width is 0.006637931 
bootstrap replicate 56 the average silhouete width is 0.004589304 
bootstrap replicate 57 the average silhouete width is 0.004312518 
bootstrap replicate 58 the average silhouete width is 0.007028972 
bootstrap replicate 59 the average silhouete width is 0.009536841 
bootstrap replicate 60 the average silhouete width is 0.00616874 
bootstrap replicate 61 the average silhouete width is 0.0002802343 
bootstrap replicate 62 the average silhouete width is 0.005301538 
bootstrap replicate 63 the average silhouete width is 0.008268212 
bootstrap replicate 64 the average silhouete width is 0.005754154 
bootstrap replicate 65 the average silhouete width is 0.008330738 
bootstrap replicate 66 the average silhouete width is 0.004698285 
bootstrap replicate 67 the average silhouete width is 0.004177001 
bootstrap replicate 68 the average silhouete width is 0.001403011 
bootstrap replicate 69 the average silhouete width is 0.00207474 
bootstrap replicate 70 the average silhouete width is 0.006438227 
bootstrap replicate 71 the average silhouete width is 0.002905984 
bootstrap replicate 72 the average silhouete width is 0.006868996 
bootstrap replicate 73 the average silhouete width is 0.007610086 
bootstrap replicate 74 the average silhouete width is -0.002716469 
bootstrap replicate 75 the average silhouete width is 0.005510533 
bootstrap replicate 76 the average silhouete width is 0.006123364 
bootstrap replicate 77 the average silhouete width is 0.007245269 
bootstrap replicate 78 the average silhouete width is 0.001535342 
bootstrap replicate 79 the average silhouete width is 0.003534077 
bootstrap replicate 80 the average silhouete width is 0.006496207 
bootstrap replicate 81 the average silhouete width is 0.00273359 
bootstrap replicate 82 the average silhouete width is 0.000473311 
bootstrap replicate 83 the average silhouete width is 0.006373361 
bootstrap replicate 84 the average silhouete width is 0.008646191 
bootstrap replicate 85 the average silhouete width is 0.008590196 
bootstrap replicate 86 the average silhouete width is 0.003054563 
bootstrap replicate 87 the average silhouete width is 0.009030206 
bootstrap replicate 88 the average silhouete width is 0.003992734 
bootstrap replicate 89 the average silhouete width is 0.003606882 
bootstrap replicate 90 the average silhouete width is 0.004403737 
bootstrap replicate 91 the average silhouete width is 0.005679554 
bootstrap replicate 92 the average silhouete width is 0.007284343 
bootstrap replicate 93 the average silhouete width is 0.002959664 
bootstrap replicate 94 the average silhouete width is 0.0009716422 
bootstrap replicate 95 the average silhouete width is 0.006513946 
bootstrap replicate 96 the average silhouete width is 0.005013722 
bootstrap replicate 97 the average silhouete width is 0.004285076 
bootstrap replicate 98 the average silhouete width is 0.004472603 
bootstrap replicate 99 the average silhouete width is 0.0089899 
bootstrap replicate 100 the average silhouete width is 0.006972021 
