Loading required package: cluster
Loading required package: doParallel
Loading required package: foreach
Loading required package: iterators
Loading required package: parallel
bootstrap replicate 1 the average silhouete width is 0.008086186 
bootstrap replicate 2 the average silhouete width is 0.006177576 
bootstrap replicate 3 the average silhouete width is 0.005523455 
bootstrap replicate 4 the average silhouete width is 0.006215644 
bootstrap replicate 5 the average silhouete width is 0.006979553 
bootstrap replicate 6 the average silhouete width is 0.009290838 
bootstrap replicate 7 the average silhouete width is 0.007636984 
bootstrap replicate 8 the average silhouete width is 0.003709532 
bootstrap replicate 9 the average silhouete width is 0.00819104 
bootstrap replicate 10 the average silhouete width is 0.01174034 
bootstrap replicate 11 the average silhouete width is 0.003708828 
bootstrap replicate 12 the average silhouete width is 0.01235931 
bootstrap replicate 13 the average silhouete width is 0.01231705 
bootstrap replicate 14 the average silhouete width is 0.006143045 
bootstrap replicate 15 the average silhouete width is 0.008364351 
bootstrap replicate 16 the average silhouete width is 0.009691764 
bootstrap replicate 17 the average silhouete width is 0.00490986 
bootstrap replicate 18 the average silhouete width is 0.009081965 
bootstrap replicate 19 the average silhouete width is 0.01016469 
bootstrap replicate 20 the average silhouete width is 0.005204442 
bootstrap replicate 21 the average silhouete width is 0.009578897 
bootstrap replicate 22 the average silhouete width is 0.006274468 
bootstrap replicate 23 the average silhouete width is 0.005528894 
bootstrap replicate 24 the average silhouete width is 0.007041962 
bootstrap replicate 25 the average silhouete width is 0.003539773 
bootstrap replicate 26 the average silhouete width is 0.01011428 
bootstrap replicate 27 the average silhouete width is 0.01071018 
bootstrap replicate 28 the average silhouete width is 0.009551533 
bootstrap replicate 29 the average silhouete width is 0.005763028 
bootstrap replicate 30 the average silhouete width is 0.005710129 
bootstrap replicate 31 the average silhouete width is 0.005514208 
bootstrap replicate 32 the average silhouete width is 0.004988911 
bootstrap replicate 33 the average silhouete width is 0.009432732 
bootstrap replicate 34 the average silhouete width is 0.006962219 
bootstrap replicate 35 the average silhouete width is 0.007254659 
bootstrap replicate 36 the average silhouete width is 0.007791394 
bootstrap replicate 37 the average silhouete width is 0.006773324 
bootstrap replicate 38 the average silhouete width is 0.007648666 
bootstrap replicate 39 the average silhouete width is 0.007659257 
bootstrap replicate 40 the average silhouete width is 0.01007056 
bootstrap replicate 41 the average silhouete width is 0.009804944 
bootstrap replicate 42 the average silhouete width is 0.007999054 
bootstrap replicate 43 the average silhouete width is 0.002809378 
bootstrap replicate 44 the average silhouete width is 0.01097025 
bootstrap replicate 45 the average silhouete width is 0.007768321 
bootstrap replicate 46 the average silhouete width is 0.006088355 
bootstrap replicate 47 the average silhouete width is 0.009321078 
bootstrap replicate 48 the average silhouete width is 0.008870012 
bootstrap replicate 49 the average silhouete width is 0.009651184 
bootstrap replicate 50 the average silhouete width is 0.006639299 
bootstrap replicate 51 the average silhouete width is 0.005186322 
bootstrap replicate 52 the average silhouete width is 0.005109401 
bootstrap replicate 53 the average silhouete width is 0.008340112 
bootstrap replicate 54 the average silhouete width is 0.009001845 
bootstrap replicate 55 the average silhouete width is 0.01338462 
bootstrap replicate 56 the average silhouete width is 0.006145455 
bootstrap replicate 57 the average silhouete width is 0.0030206 
bootstrap replicate 58 the average silhouete width is 0.004518372 
bootstrap replicate 59 the average silhouete width is 0.006643245 
bootstrap replicate 60 the average silhouete width is 0.007721935 
bootstrap replicate 61 the average silhouete width is 0.005920001 
bootstrap replicate 62 the average silhouete width is 0.005979744 
bootstrap replicate 63 the average silhouete width is 0.007245254 
bootstrap replicate 64 the average silhouete width is 0.007655554 
bootstrap replicate 65 the average silhouete width is 0.006748226 
bootstrap replicate 66 the average silhouete width is 0.007339115 
bootstrap replicate 67 the average silhouete width is 0.005710126 
bootstrap replicate 68 the average silhouete width is 0.009887407 
bootstrap replicate 69 the average silhouete width is 0.002888027 
bootstrap replicate 70 the average silhouete width is 0.004863256 
bootstrap replicate 71 the average silhouete width is 0.006328053 
bootstrap replicate 72 the average silhouete width is 0.01373224 
bootstrap replicate 73 the average silhouete width is 0.01002594 
bootstrap replicate 74 the average silhouete width is 0.004573871 
bootstrap replicate 75 the average silhouete width is 0.01104344 
bootstrap replicate 76 the average silhouete width is 0.00820841 
bootstrap replicate 77 the average silhouete width is 0.007292668 
bootstrap replicate 78 the average silhouete width is 0.006567981 
bootstrap replicate 79 the average silhouete width is 0.005210523 
bootstrap replicate 80 the average silhouete width is 0.006971962 
bootstrap replicate 81 the average silhouete width is 0.00360057 
bootstrap replicate 82 the average silhouete width is 0.0112623 
bootstrap replicate 83 the average silhouete width is 0.005057553 
bootstrap replicate 84 the average silhouete width is 0.01103277 
bootstrap replicate 85 the average silhouete width is 0.007776327 
bootstrap replicate 86 the average silhouete width is 0.0012526 
bootstrap replicate 87 the average silhouete width is 0.007564852 
bootstrap replicate 88 the average silhouete width is 0.006966273 
bootstrap replicate 89 the average silhouete width is 0.007457907 
bootstrap replicate 90 the average silhouete width is 0.007416548 
bootstrap replicate 91 the average silhouete width is 0.006651956 
bootstrap replicate 92 the average silhouete width is 0.006031538 
bootstrap replicate 93 the average silhouete width is 0.00584959 
bootstrap replicate 94 the average silhouete width is 0.004231795 
bootstrap replicate 95 the average silhouete width is 0.006202264 
bootstrap replicate 96 the average silhouete width is 0.007465076 
bootstrap replicate 97 the average silhouete width is 0.008767617 
bootstrap replicate 98 the average silhouete width is 0.006562861 
bootstrap replicate 99 the average silhouete width is 0.008368516 
bootstrap replicate 100 the average silhouete width is 0.01050897 
