Loading required package: cluster
Loading required package: doParallel
Loading required package: foreach
Loading required package: iterators
Loading required package: parallel
bootstrap replicate 1 the average silhouete width is 0.003005825 
bootstrap replicate 2 the average silhouete width is 0.007939528 
bootstrap replicate 3 the average silhouete width is 0.003758822 
bootstrap replicate 4 the average silhouete width is 0.00428581 
bootstrap replicate 5 the average silhouete width is 0.005936467 
bootstrap replicate 6 the average silhouete width is 0.007783858 
bootstrap replicate 7 the average silhouete width is 0.00916815 
bootstrap replicate 8 the average silhouete width is 0.007184577 
bootstrap replicate 9 the average silhouete width is 0.008640851 
bootstrap replicate 10 the average silhouete width is 0.01270369 
bootstrap replicate 11 the average silhouete width is 0.004993468 
bootstrap replicate 12 the average silhouete width is 0.007545529 
bootstrap replicate 13 the average silhouete width is 0.008697671 
bootstrap replicate 14 the average silhouete width is 0.003636317 
bootstrap replicate 15 the average silhouete width is 0.005621122 
bootstrap replicate 16 the average silhouete width is 0.01095285 
bootstrap replicate 17 the average silhouete width is 0.01172203 
bootstrap replicate 18 the average silhouete width is 0.01028765 
bootstrap replicate 19 the average silhouete width is 0.00516629 
bootstrap replicate 20 the average silhouete width is 0.01080851 
bootstrap replicate 21 the average silhouete width is 0.01113007 
bootstrap replicate 22 the average silhouete width is 0.009050557 
bootstrap replicate 23 the average silhouete width is 0.009662145 
bootstrap replicate 24 the average silhouete width is 0.01220708 
bootstrap replicate 25 the average silhouete width is 0.00665159 
bootstrap replicate 26 the average silhouete width is 0.008240403 
bootstrap replicate 27 the average silhouete width is 0.01115667 
bootstrap replicate 28 the average silhouete width is 0.006912667 
bootstrap replicate 29 the average silhouete width is 0.008619517 
bootstrap replicate 30 the average silhouete width is 0.01353088 
bootstrap replicate 31 the average silhouete width is 0.008154948 
bootstrap replicate 32 the average silhouete width is 0.006507101 
bootstrap replicate 33 the average silhouete width is 0.008371708 
bootstrap replicate 34 the average silhouete width is 0.007774975 
bootstrap replicate 35 the average silhouete width is 0.01082208 
bootstrap replicate 36 the average silhouete width is 0.006447836 
bootstrap replicate 37 the average silhouete width is 0.01403487 
bootstrap replicate 38 the average silhouete width is 0.006166388 
bootstrap replicate 39 the average silhouete width is 0.01537609 
bootstrap replicate 40 the average silhouete width is 0.003206178 
bootstrap replicate 41 the average silhouete width is 0.01109879 
bootstrap replicate 42 the average silhouete width is 0.008385833 
bootstrap replicate 43 the average silhouete width is 0.01117063 
bootstrap replicate 44 the average silhouete width is 0.00988885 
bootstrap replicate 45 the average silhouete width is 0.008783383 
bootstrap replicate 46 the average silhouete width is 0.008586504 
bootstrap replicate 47 the average silhouete width is 0.005664819 
bootstrap replicate 48 the average silhouete width is 0.009943599 
bootstrap replicate 49 the average silhouete width is 0.009438387 
bootstrap replicate 50 the average silhouete width is 0.01247445 
bootstrap replicate 51 the average silhouete width is 0.00680405 
bootstrap replicate 52 the average silhouete width is 0.005842987 
bootstrap replicate 53 the average silhouete width is 0.005792689 
bootstrap replicate 54 the average silhouete width is 0.009930675 
bootstrap replicate 55 the average silhouete width is 0.01090374 
bootstrap replicate 56 the average silhouete width is 0.008516838 
bootstrap replicate 57 the average silhouete width is 0.0124959 
bootstrap replicate 58 the average silhouete width is 0.01236024 
bootstrap replicate 59 the average silhouete width is 0.01147439 
bootstrap replicate 60 the average silhouete width is 0.006640533 
bootstrap replicate 61 the average silhouete width is 0.01012861 
bootstrap replicate 62 the average silhouete width is 0.00691237 
bootstrap replicate 63 the average silhouete width is 0.007103174 
bootstrap replicate 64 the average silhouete width is 0.008655826 
bootstrap replicate 65 the average silhouete width is 0.01055577 
bootstrap replicate 66 the average silhouete width is 0.003746748 
bootstrap replicate 67 the average silhouete width is 0.00787456 
bootstrap replicate 68 the average silhouete width is 0.00477019 
bootstrap replicate 69 the average silhouete width is 0.007329837 
bootstrap replicate 70 the average silhouete width is 0.007995621 
bootstrap replicate 71 the average silhouete width is 0.005351809 
bootstrap replicate 72 the average silhouete width is 0.005589322 
bootstrap replicate 73 the average silhouete width is 0.0104775 
bootstrap replicate 74 the average silhouete width is 0.006870586 
bootstrap replicate 75 the average silhouete width is 0.008217548 
bootstrap replicate 76 the average silhouete width is 0.01167578 
bootstrap replicate 77 the average silhouete width is 0.01048241 
bootstrap replicate 78 the average silhouete width is 0.006153751 
bootstrap replicate 79 the average silhouete width is 0.01197748 
bootstrap replicate 80 the average silhouete width is 0.008162606 
bootstrap replicate 81 the average silhouete width is 0.01017361 
bootstrap replicate 82 the average silhouete width is 0.005379297 
bootstrap replicate 83 the average silhouete width is 0.006144437 
bootstrap replicate 84 the average silhouete width is 0.007524371 
bootstrap replicate 85 the average silhouete width is 0.006119295 
bootstrap replicate 86 the average silhouete width is 0.008749632 
bootstrap replicate 87 the average silhouete width is 0.008389884 
bootstrap replicate 88 the average silhouete width is 0.0112038 
bootstrap replicate 89 the average silhouete width is 0.008262055 
bootstrap replicate 90 the average silhouete width is 0.008514771 
bootstrap replicate 91 the average silhouete width is 0.007633247 
bootstrap replicate 92 the average silhouete width is 0.01066917 
bootstrap replicate 93 the average silhouete width is 0.009056926 
bootstrap replicate 94 the average silhouete width is 0.008108574 
bootstrap replicate 95 the average silhouete width is 0.007690633 
bootstrap replicate 96 the average silhouete width is 0.009181277 
bootstrap replicate 97 the average silhouete width is 0.006480628 
bootstrap replicate 98 the average silhouete width is 0.00862475 
bootstrap replicate 99 the average silhouete width is 0.01129619 
bootstrap replicate 100 the average silhouete width is 0.007866506 
Loading required package: cluster
Loading required package: doParallel
Loading required package: foreach
Loading required package: iterators
Loading required package: parallel
bootstrap replicate 1 the average silhouete width is 0.007742572 
bootstrap replicate 2 the average silhouete width is 0.007296113 
bootstrap replicate 3 the average silhouete width is 0.007427916 
bootstrap replicate 4 the average silhouete width is 0.004939448 
bootstrap replicate 5 the average silhouete width is 0.009136917 
bootstrap replicate 6 the average silhouete width is 0.00337872 
bootstrap replicate 7 the average silhouete width is 0.01011848 
bootstrap replicate 8 the average silhouete width is 0.009136857 
bootstrap replicate 9 the average silhouete width is 0.005932854 
bootstrap replicate 10 the average silhouete width is 0.006786577 
bootstrap replicate 11 the average silhouete width is 0.01131591 
bootstrap replicate 12 the average silhouete width is 0.008768195 
bootstrap replicate 13 the average silhouete width is 0.004666697 
bootstrap replicate 14 the average silhouete width is 0.008774956 
bootstrap replicate 15 the average silhouete width is 0.007760241 
bootstrap replicate 16 the average silhouete width is 0.01033567 
bootstrap replicate 17 the average silhouete width is 0.005235169 
bootstrap replicate 18 the average silhouete width is 0.01347326 
bootstrap replicate 19 the average silhouete width is 0.009091695 
bootstrap replicate 20 the average silhouete width is 0.01047146 
bootstrap replicate 21 the average silhouete width is 0.005154974 
bootstrap replicate 22 the average silhouete width is 0.005401936 
bootstrap replicate 23 the average silhouete width is 0.004677168 
bootstrap replicate 24 the average silhouete width is 0.008992385 
bootstrap replicate 25 the average silhouete width is 0.005895593 
bootstrap replicate 26 the average silhouete width is 0.003508916 
bootstrap replicate 27 the average silhouete width is 0.007329831 
bootstrap replicate 28 the average silhouete width is 0.009987556 
bootstrap replicate 29 the average silhouete width is 0.00736513 
bootstrap replicate 30 the average silhouete width is 0.007862767 
bootstrap replicate 31 the average silhouete width is 0.006657792 
bootstrap replicate 32 the average silhouete width is 0.009514335 
bootstrap replicate 33 the average silhouete width is 0.007563393 
bootstrap replicate 34 the average silhouete width is 0.004213028 
bootstrap replicate 35 the average silhouete width is 0.003942075 
bootstrap replicate 36 the average silhouete width is 0.006800742 
bootstrap replicate 37 the average silhouete width is 0.01069016 
bootstrap replicate 38 the average silhouete width is 0.01015833 
bootstrap replicate 39 the average silhouete width is 0.00410693 
bootstrap replicate 40 the average silhouete width is 0.00771712 
bootstrap replicate 41 the average silhouete width is 0.005777229 
bootstrap replicate 42 the average silhouete width is 0.00989344 
bootstrap replicate 43 the average silhouete width is 0.00220659 
bootstrap replicate 44 the average silhouete width is 0.004255676 
bootstrap replicate 45 the average silhouete width is 0.009165047 
bootstrap replicate 46 the average silhouete width is 0.004836375 
bootstrap replicate 47 the average silhouete width is 0.01343355 
bootstrap replicate 48 the average silhouete width is 0.00674195 
bootstrap replicate 49 the average silhouete width is 0.007487657 
bootstrap replicate 50 the average silhouete width is 0.009498739 
bootstrap replicate 51 the average silhouete width is 0.007563063 
bootstrap replicate 52 the average silhouete width is 0.009895366 
bootstrap replicate 53 the average silhouete width is 0.007239004 
bootstrap replicate 54 the average silhouete width is 0.004937439 
bootstrap replicate 55 the average silhouete width is 0.004583952 
bootstrap replicate 56 the average silhouete width is 0.01029901 
bootstrap replicate 57 the average silhouete width is 0.006689037 
bootstrap replicate 58 the average silhouete width is 0.005852808 
bootstrap replicate 59 the average silhouete width is 0.008112272 
bootstrap replicate 60 the average silhouete width is 0.008069472 
bootstrap replicate 61 the average silhouete width is 0.01130578 
bootstrap replicate 62 the average silhouete width is 0.006968951 
bootstrap replicate 63 the average silhouete width is 0.00652547 
bootstrap replicate 64 the average silhouete width is 0.004069234 
bootstrap replicate 65 the average silhouete width is 0.009796943 
bootstrap replicate 66 the average silhouete width is 0.003299391 
bootstrap replicate 67 the average silhouete width is 0.006816747 
bootstrap replicate 68 the average silhouete width is 0.01115406 
bootstrap replicate 69 the average silhouete width is 0.008319972 
bootstrap replicate 70 the average silhouete width is 0.007013613 
bootstrap replicate 71 the average silhouete width is 0.008455153 
bootstrap replicate 72 the average silhouete width is 0.007510855 
bootstrap replicate 73 the average silhouete width is 0.002963564 
bootstrap replicate 74 the average silhouete width is 0.005718434 
bootstrap replicate 75 the average silhouete width is 0.004875045 
bootstrap replicate 76 the average silhouete width is 0.01044818 
bootstrap replicate 77 the average silhouete width is 0.007277195 
bootstrap replicate 78 the average silhouete width is 0.002586245 
bootstrap replicate 79 the average silhouete width is 0.008455567 
bootstrap replicate 80 the average silhouete width is 0.009511626 
bootstrap replicate 81 the average silhouete width is 0.01050613 
bootstrap replicate 82 the average silhouete width is 0.008111097 
bootstrap replicate 83 the average silhouete width is 0.008208345 
bootstrap replicate 84 the average silhouete width is 0.007157667 
bootstrap replicate 85 the average silhouete width is 0.009145778 
bootstrap replicate 86 the average silhouete width is 0.009320482 
bootstrap replicate 87 the average silhouete width is 0.006924082 
bootstrap replicate 88 the average silhouete width is 0.005532029 
bootstrap replicate 89 the average silhouete width is 0.007881152 
bootstrap replicate 90 the average silhouete width is 0.00894208 
bootstrap replicate 91 the average silhouete width is 0.004879947 
bootstrap replicate 92 the average silhouete width is 0.00733138 
bootstrap replicate 93 the average silhouete width is 0.009663606 
bootstrap replicate 94 the average silhouete width is 0.006619941 
bootstrap replicate 95 the average silhouete width is 0.003535097 
bootstrap replicate 96 the average silhouete width is 0.005178011 
bootstrap replicate 97 the average silhouete width is 0.0045077 
bootstrap replicate 98 the average silhouete width is 0.007562386 
bootstrap replicate 99 the average silhouete width is 0.007765056 
bootstrap replicate 100 the average silhouete width is 0.004875968 
