* using log directory ‘/Users/sebastianducheneAIr/Desktop/sandbox/clockstarG/ClockstarRG.Rcheck’
* using R version 3.0.2 (2013-09-25)
* using platform: x86_64-apple-darwin10.8.0 (64-bit)
* using session charset: UTF-8
* checking for file ‘ClockstarRG/DESCRIPTION’ ... OK
* checking extension type ... Package
* this is package ‘ClockstarRG’ version ‘0.1’
* checking package namespace information ... OK
* checking package dependencies ... OK
* checking if this is a source package ... OK
* checking if there is a namespace ... OK
* checking for executable files ... OK
* checking for hidden files and directories ... OK
* checking for portable file names ... OK
* checking for sufficient/correct file permissions ... OK
* checking whether package ‘ClockstarRG’ can be installed ... WARNING
Found the following significant warnings:
  Warning: /Users/sebastianducheneAIr/Desktop/sandbox/clockstarG/ClockstarRG/man/get_scaled_brs.Rd:3: All text must be in a section
  Warning: /Users/sebastianducheneAIr/Desktop/sandbox/clockstarG/ClockstarRG/man/optim_clusters_coord.Rd:3: All text must be in a section
  Warning: /Users/sebastianducheneAIr/Desktop/sandbox/clockstarG/ClockstarRG/man/scaled_brs.Rd:19: unexpected section header '\author'
  Warning: /Users/sebastianducheneAIr/Desktop/sandbox/clockstarG/ClockstarRG/man/scaled_brs.Rd:23: unexpected END_OF_INPUT '
See ‘/Users/sebastianducheneAIr/Desktop/sandbox/clockstarG/ClockstarRG.Rcheck/00install.out’ for details.
* checking installed package size ... OK
* checking package directory ... OK
* checking DESCRIPTION meta-information ... WARNING
Non-standard license specification:
  GNU
Standardizable: FALSE
* checking top-level files ... OK
* checking for left-over files ... OK
* checking index information ... OK
* checking package subdirectories ... OK
* checking R files for non-ASCII characters ... OK
* checking R files for syntax errors ... OK
* checking whether the package can be loaded ... OK
* checking whether the package can be loaded with stated dependencies ... OK
* checking whether the package can be unloaded cleanly ... OK
* checking whether the namespace can be loaded with stated dependencies ... OK
* checking whether the namespace can be unloaded cleanly ... OK
* checking loading without being on the library search path ... OK
* checking dependencies in R code ... NOTE
‘library’ or ‘require’ calls to packages already attached by Depends:
  ‘ape’ ‘cluster’ ‘doParallel’
  Please remove these calls from your code.
See the information on DESCRIPTION files in the chapter ‘Creating R
packages’ of the ‘Writing R Extensions’ manual.
* checking S3 generic/method consistency ... OK
* checking replacement functions ... OK
* checking foreign function calls ... OK
* checking R code for possible problems ... OK
* checking Rd files ... WARNING
prepare_Rd: get_scaled_brs.Rd:3: All text must be in a section
prepare_Rd: optim_clusters_coord.Rd:3: All text must be in a section
prepare_Rd: scaled_brs.Rd:19: unexpected section header '\author'
prepare_Rd: scaled_brs.Rd:23: unexpected END_OF_INPUT '
'
* checking Rd metadata ... OK
* checking Rd cross-references ... OK
* checking for missing documentation entries ... OK
* checking for code/documentation mismatches ... OK
* checking Rd \usage sections ... OK
* checking Rd contents ... OK
* checking for unstated dependencies in examples ... OK
* checking examples ... NONE
* checking PDF version of manual ... WARNING
LaTeX errors when creating PDF version.
This typically indicates Rd problems.
* checking PDF version of manual without hyperrefs or index ... ERROR
Re-running with no redirection of stdout/stderr.
