Loading required package: cluster
Loading required package: doParallel
Loading required package: foreach
Loading required package: iterators
Loading required package: parallel
bootstrap replicate 1 the average silhouete width is 0.01277804 
bootstrap replicate 2 the average silhouete width is 0.008665009 
bootstrap replicate 3 the average silhouete width is 0.01027156 
bootstrap replicate 4 the average silhouete width is 0.007767535 
bootstrap replicate 5 the average silhouete width is 0.01110872 
bootstrap replicate 6 the average silhouete width is 0.01290078 
bootstrap replicate 7 the average silhouete width is 0.008386093 
bootstrap replicate 8 the average silhouete width is 0.01275543 
bootstrap replicate 9 the average silhouete width is 0.01063817 
bootstrap replicate 10 the average silhouete width is 0.01490185 
bootstrap replicate 11 the average silhouete width is 0.01428865 
bootstrap replicate 12 the average silhouete width is 0.008886063 
bootstrap replicate 13 the average silhouete width is 0.01056404 
bootstrap replicate 14 the average silhouete width is 0.01226424 
bootstrap replicate 15 the average silhouete width is 0.01098429 
bootstrap replicate 16 the average silhouete width is 0.009287234 
bootstrap replicate 17 the average silhouete width is 0.008111156 
bootstrap replicate 18 the average silhouete width is 0.0139249 
bootstrap replicate 19 the average silhouete width is 0.007492132 
bootstrap replicate 20 the average silhouete width is 0.01328866 
bootstrap replicate 21 the average silhouete width is 0.01064128 
bootstrap replicate 22 the average silhouete width is 0.013552 
bootstrap replicate 23 the average silhouete width is 0.0135243 
bootstrap replicate 24 the average silhouete width is 0.01382858 
bootstrap replicate 25 the average silhouete width is 0.0117069 
bootstrap replicate 26 the average silhouete width is 0.01447472 
bootstrap replicate 27 the average silhouete width is 0.008208146 
bootstrap replicate 28 the average silhouete width is 0.008759147 
bootstrap replicate 29 the average silhouete width is 0.01139507 
bootstrap replicate 30 the average silhouete width is 0.01312678 
bootstrap replicate 31 the average silhouete width is 0.009948208 
bootstrap replicate 32 the average silhouete width is 0.00830826 
bootstrap replicate 33 the average silhouete width is 0.008809887 
bootstrap replicate 34 the average silhouete width is 0.01078165 
bootstrap replicate 35 the average silhouete width is 0.004299906 
bootstrap replicate 36 the average silhouete width is 0.01063493 
bootstrap replicate 37 the average silhouete width is 0.0106634 
bootstrap replicate 38 the average silhouete width is 0.01475284 
bootstrap replicate 39 the average silhouete width is 0.01106955 
bootstrap replicate 40 the average silhouete width is 0.008868994 
bootstrap replicate 41 the average silhouete width is 0.00982022 
bootstrap replicate 42 the average silhouete width is 0.008781868 
bootstrap replicate 43 the average silhouete width is 0.01127236 
bootstrap replicate 44 the average silhouete width is 0.009563582 
bootstrap replicate 45 the average silhouete width is 0.009232729 
bootstrap replicate 46 the average silhouete width is 0.01390003 
bootstrap replicate 47 the average silhouete width is 0.005903276 
bootstrap replicate 48 the average silhouete width is 0.007149006 
bootstrap replicate 49 the average silhouete width is 0.009027272 
bootstrap replicate 50 the average silhouete width is 0.007515449 
bootstrap replicate 51 the average silhouete width is 0.01026106 
bootstrap replicate 52 the average silhouete width is 0.01125193 
bootstrap replicate 53 the average silhouete width is 0.01150364 
bootstrap replicate 54 the average silhouete width is 0.01134134 
bootstrap replicate 55 the average silhouete width is 0.008610169 
bootstrap replicate 56 the average silhouete width is 0.01046214 
bootstrap replicate 57 the average silhouete width is 0.01109169 
bootstrap replicate 58 the average silhouete width is 0.01607741 
bootstrap replicate 59 the average silhouete width is 0.01122284 
bootstrap replicate 60 the average silhouete width is 0.01064714 
bootstrap replicate 61 the average silhouete width is 0.01435626 
bootstrap replicate 62 the average silhouete width is 0.01116389 
bootstrap replicate 63 the average silhouete width is 0.007969838 
bootstrap replicate 64 the average silhouete width is 0.01089555 
bootstrap replicate 65 the average silhouete width is 0.008859022 
bootstrap replicate 66 the average silhouete width is 0.01569539 
bootstrap replicate 67 the average silhouete width is 0.01043501 
bootstrap replicate 68 the average silhouete width is 0.01080083 
bootstrap replicate 69 the average silhouete width is 0.01300327 
bootstrap replicate 70 the average silhouete width is 0.01119634 
bootstrap replicate 71 the average silhouete width is 0.01395147 
bootstrap replicate 72 the average silhouete width is 0.008707743 
bootstrap replicate 73 the average silhouete width is 0.01181803 
bootstrap replicate 74 the average silhouete width is 0.009605278 
bootstrap replicate 75 the average silhouete width is 0.009395523 
bootstrap replicate 76 the average silhouete width is 0.01052485 
bootstrap replicate 77 the average silhouete width is 0.01411898 
bootstrap replicate 78 the average silhouete width is 0.01256628 
bootstrap replicate 79 the average silhouete width is 0.0159782 
bootstrap replicate 80 the average silhouete width is 0.01133717 
bootstrap replicate 81 the average silhouete width is 0.01219195 
bootstrap replicate 82 the average silhouete width is 0.01076229 
bootstrap replicate 83 the average silhouete width is 0.01135505 
bootstrap replicate 84 the average silhouete width is 0.01281378 
bootstrap replicate 85 the average silhouete width is 0.01322775 
bootstrap replicate 86 the average silhouete width is 0.01274624 
bootstrap replicate 87 the average silhouete width is 0.0118022 
bootstrap replicate 88 the average silhouete width is 0.01607567 
bootstrap replicate 89 the average silhouete width is 0.01060907 
bootstrap replicate 90 the average silhouete width is 0.01303778 
bootstrap replicate 91 the average silhouete width is 0.01326288 
bootstrap replicate 92 the average silhouete width is 0.01203715 
bootstrap replicate 93 the average silhouete width is 0.009352002 
bootstrap replicate 94 the average silhouete width is 0.01533 
bootstrap replicate 95 the average silhouete width is 0.009013463 
bootstrap replicate 96 the average silhouete width is 0.0104433 
bootstrap replicate 97 the average silhouete width is 0.00897095 
bootstrap replicate 98 the average silhouete width is 0.01164523 
bootstrap replicate 99 the average silhouete width is 0.0108613 
bootstrap replicate 100 the average silhouete width is 0.01163733 
