Loading required package: cluster
Loading required package: doParallel
Loading required package: foreach
Loading required package: iterators
Loading required package: parallel
bootstrap replicate 1 the average silhouete width is 0.009811092 
bootstrap replicate 2 the average silhouete width is 0.01064636 
bootstrap replicate 3 the average silhouete width is 0.01132225 
bootstrap replicate 4 the average silhouete width is 0.01164346 
bootstrap replicate 5 the average silhouete width is 0.01039353 
bootstrap replicate 6 the average silhouete width is 0.01281002 
bootstrap replicate 7 the average silhouete width is 0.01335558 
bootstrap replicate 8 the average silhouete width is 0.01004868 
bootstrap replicate 9 the average silhouete width is 0.01205457 
bootstrap replicate 10 the average silhouete width is 0.009603032 
bootstrap replicate 11 the average silhouete width is 0.01290149 
bootstrap replicate 12 the average silhouete width is 0.01366768 
bootstrap replicate 13 the average silhouete width is 0.009488773 
bootstrap replicate 14 the average silhouete width is 0.004493649 
bootstrap replicate 15 the average silhouete width is 0.01289002 
bootstrap replicate 16 the average silhouete width is 0.01288693 
bootstrap replicate 17 the average silhouete width is 0.009729755 
bootstrap replicate 18 the average silhouete width is 0.008002744 
bootstrap replicate 19 the average silhouete width is 0.01130221 
bootstrap replicate 20 the average silhouete width is 0.0006013958 
bootstrap replicate 21 the average silhouete width is 0.0131155 
bootstrap replicate 22 the average silhouete width is 0.007784626 
bootstrap replicate 23 the average silhouete width is 0.01278103 
bootstrap replicate 24 the average silhouete width is 0.0100718 
bootstrap replicate 25 the average silhouete width is 0.01132499 
bootstrap replicate 26 the average silhouete width is 0.009608951 
bootstrap replicate 27 the average silhouete width is 0.01170545 
bootstrap replicate 28 the average silhouete width is 0.007622509 
bootstrap replicate 29 the average silhouete width is 0.01325179 
bootstrap replicate 30 the average silhouete width is 0.01047802 
bootstrap replicate 31 the average silhouete width is 0.01503121 
bootstrap replicate 32 the average silhouete width is 0.009435327 
bootstrap replicate 33 the average silhouete width is 0.009484621 
bootstrap replicate 34 the average silhouete width is 0.003105495 
bootstrap replicate 35 the average silhouete width is 0.01123913 
bootstrap replicate 36 the average silhouete width is 0.009974138 
bootstrap replicate 37 the average silhouete width is 0.01111753 
bootstrap replicate 38 the average silhouete width is 0.006496897 
bootstrap replicate 39 the average silhouete width is 0.007544571 
bootstrap replicate 40 the average silhouete width is 0.01435326 
bootstrap replicate 41 the average silhouete width is 0.008317991 
bootstrap replicate 42 the average silhouete width is 0.01069018 
bootstrap replicate 43 the average silhouete width is 0.01039985 
bootstrap replicate 44 the average silhouete width is 0.0124001 
bootstrap replicate 45 the average silhouete width is 0.008967561 
bootstrap replicate 46 the average silhouete width is 0.01039036 
bootstrap replicate 47 the average silhouete width is 0.01625679 
bootstrap replicate 48 the average silhouete width is 0.01067222 
bootstrap replicate 49 the average silhouete width is 0.01018803 
bootstrap replicate 50 the average silhouete width is 0.01201616 
bootstrap replicate 51 the average silhouete width is 0.01215919 
bootstrap replicate 52 the average silhouete width is 0.01141152 
bootstrap replicate 53 the average silhouete width is 0.009808971 
bootstrap replicate 54 the average silhouete width is 0.01242576 
bootstrap replicate 55 the average silhouete width is 0.01029657 
bootstrap replicate 56 the average silhouete width is 0.01134099 
bootstrap replicate 57 the average silhouete width is 0.01361388 
bootstrap replicate 58 the average silhouete width is 0.009636955 
bootstrap replicate 59 the average silhouete width is 0.007744704 
bootstrap replicate 60 the average silhouete width is 0.007381168 
bootstrap replicate 61 the average silhouete width is 0.01263423 
bootstrap replicate 62 the average silhouete width is 0.009939073 
bootstrap replicate 63 the average silhouete width is 0.004433993 
bootstrap replicate 64 the average silhouete width is 0.009598497 
bootstrap replicate 65 the average silhouete width is 0.01223499 
bootstrap replicate 66 the average silhouete width is 0.01117763 
bootstrap replicate 67 the average silhouete width is 0.0149247 
bootstrap replicate 68 the average silhouete width is 0.01068885 
bootstrap replicate 69 the average silhouete width is 0.01273377 
bootstrap replicate 70 the average silhouete width is 0.01088679 
bootstrap replicate 71 the average silhouete width is 0.01106252 
bootstrap replicate 72 the average silhouete width is 0.005893433 
bootstrap replicate 73 the average silhouete width is 0.01172125 
bootstrap replicate 74 the average silhouete width is 0.008340123 
bootstrap replicate 75 the average silhouete width is 0.01134079 
bootstrap replicate 76 the average silhouete width is 0.01200638 
bootstrap replicate 77 the average silhouete width is 0.01390356 
bootstrap replicate 78 the average silhouete width is 0.005951169 
bootstrap replicate 79 the average silhouete width is 0.007729105 
bootstrap replicate 80 the average silhouete width is 0.009289442 
bootstrap replicate 81 the average silhouete width is 0.01104589 
bootstrap replicate 82 the average silhouete width is 0.008219295 
bootstrap replicate 83 the average silhouete width is 0.008539114 
bootstrap replicate 84 the average silhouete width is 0.01025768 
bootstrap replicate 85 the average silhouete width is 0.01436261 
bootstrap replicate 86 the average silhouete width is 0.00769944 
bootstrap replicate 87 the average silhouete width is 0.01152544 
bootstrap replicate 88 the average silhouete width is 0.01076072 
bootstrap replicate 89 the average silhouete width is 0.0123434 
bootstrap replicate 90 the average silhouete width is 0.006847741 
bootstrap replicate 91 the average silhouete width is 0.01311054 
bootstrap replicate 92 the average silhouete width is 0.01261224 
bootstrap replicate 93 the average silhouete width is 0.01120141 
bootstrap replicate 94 the average silhouete width is 0.01274362 
bootstrap replicate 95 the average silhouete width is 0.008314532 
bootstrap replicate 96 the average silhouete width is 0.01042102 
bootstrap replicate 97 the average silhouete width is 0.01154949 
bootstrap replicate 98 the average silhouete width is 0.01072585 
bootstrap replicate 99 the average silhouete width is 0.01385526 
bootstrap replicate 100 the average silhouete width is 0.007866682 
